<?xml version="1.0" encoding="UTF-8"?>
<!-- Generated by org.testng.reporters.JUnitReportReporter -->
<testsuite hostname="shah4corp" failures="0" tests="1" name="tutorialsninja.register.TestCaseRegisterFunctionality006" time="5.944" errors="0" timestamp="2025-06-29T17:04:34 IST" skipped="0">
  <testcase classname="tutorialsninja.register.TestCaseRegisterFunctionality006" name="verifyRegisteringAccountBySayingNoToNewsletter" time="5.944"/>
</testsuite> <!-- tutorialsninja.register.TestCaseRegisterFunctionality006 -->
