<?xml version="1.0" encoding="UTF-8"?>
<!-- Generated by org.testng.reporters.JUnitReportReporter -->
<testsuite hostname="shah4corp" failures="0" tests="1" name="tutorialsninja.register.TestCaseRegisterFunctionality021" time="5.205" errors="0" timestamp="2025-07-13T21:42:04 IST" skipped="0">
  <testcase classname="tutorialsninja.register.TestCaseRegisterFunctionality021" name="verifyRegisteringAccountWithoutPrivacyPolicySelection" time="5.205"/>
</testsuite> <!-- tutorialsninja.register.TestCaseRegisterFunctionality021 -->
