<?xml version="1.0" encoding="UTF-8"?>
<!-- Generated by org.testng.reporters.JUnitReportReporter -->
<testsuite hostname="shah4corp" failures="0" tests="2" name="tutorialsninja.register.TestCaseRegisterFunctionality026" time="4.793" errors="1" timestamp="2025-07-14T23:30:45 IST" skipped="1">
  <testcase classname="tutorialsninja.register.TestCaseRegisterFunctionality026" name="setUp" time="4.793">
    <error type="java.lang.NullPointerException">
      <![CDATA[java.lang.NullPointerException
]]>
    </error>
  </testcase> <!-- setUp -->
  <testcase classname="tutorialsninja.register.TestCaseRegisterFunctionality026" name="verifyUIOfRegisterAccountPage" time="0.000">
    <skipped/>
  </testcase> <!-- verifyUIOfRegisterAccountPage -->
</testsuite> <!-- tutorialsninja.register.TestCaseRegisterFunctionality026 -->
