<?xml version="1.0" encoding="UTF-8"?>
<!-- Generated by org.testng.reporters.JUnitReportReporter -->
<testsuite hostname="shah4corp" failures="0" tests="1" name="utils.TestCaseRegisterFunctionality023" time="19.005" errors="0" timestamp="2025-07-07T21:00:26 IST" skipped="0">
  <testcase classname="utils.TestCaseRegisterFunctionality023" name="verifyWorkingOfEveryLinkOnRegisterAccountPage" time="19.005"/>
</testsuite> <!-- utils.TestCaseRegisterFunctionality023 -->
