<?xml version="1.0" encoding="UTF-8"?>
<!-- Generated by org.testng.reporters.JUnitReportReporter -->
<testsuite hostname="shah4corp" failures="0" tests="1" name="tutorialsninja.register.TestCaseRegisterFunctionality020" time="11.346" errors="0" timestamp="2025-07-14T23:30:45 IST" skipped="0">
  <testcase classname="tutorialsninja.register.TestCaseRegisterFunctionality020" name="verifyPrivacyPolicyFieldOnRegisterAccountPage" time="11.346"/>
</testsuite> <!-- tutorialsninja.register.TestCaseRegisterFunctionality020 -->
