<?xml version="1.0" encoding="UTF-8"?>
<!-- Generated by org.testng.reporters.JUnitReportReporter -->
<testsuite hostname="shah4corp" failures="0" tests="3" name="tutorialsninja.register.TestCaseRegisterFunctionality027" time="38.358" errors="0" timestamp="2025-07-14T23:30:45 IST" skipped="0">
  <testcase classname="tutorialsninja.register.TestCaseRegisterFunctionality027" name="verifyRegisteringAccountInDifferentTestEnvironments" time="19.800"/>
  <testcase classname="tutorialsninja.register.TestCaseRegisterFunctionality027" name="verifyRegisteringAccountInDifferentTestEnvironments" time="9.193"/>
  <testcase classname="tutorialsninja.register.TestCaseRegisterFunctionality027" name="verifyRegisteringAccountInDifferentTestEnvironments" time="9.365"/>
</testsuite> <!-- tutorialsninja.register.TestCaseRegisterFunctionality027 -->
