<?xml version="1.0" encoding="UTF-8"?>
<!-- Generated by org.testng.reporters.JUnitReportReporter -->
<testsuite hostname="shah4corp" failures="0" tests="1" name="tutorialsninja.register.TestCaseRegisterFunctionality007" time="5.060" errors="0" timestamp="2025-06-29T17:11:30 IST" skipped="0">
  <testcase classname="tutorialsninja.register.TestCaseRegisterFunctionality007" name="verifyNavigatingToRegisterAccountUsingMultipleWay" time="5.060"/>
</testsuite> <!-- tutorialsninja.register.TestCaseRegisterFunctionality007 -->
