<?xml version="1.0" encoding="UTF-8"?>
<!-- Generated by org.testng.reporters.JUnitReportReporter -->
<testsuite hostname="shah4corp" failures="0" tests="1" name="tutorialninja.practice.TestCaseRegisterFunctionality101" time="7.199" errors="0" timestamp="2025-08-10T22:39:59 IST" skipped="0">
  <testcase classname="tutorialninja.practice.TestCaseRegisterFunctionality101" name="verifyRegisteringWithMandatoyFields" time="7.199"/>
</testsuite> <!-- tutorialninja.practice.TestCaseRegisterFunctionality101 -->
