<?xml version="1.0" encoding="UTF-8"?>
<!-- Generated by org.testng.reporters.JUnitReportReporter -->
<testsuite hostname="shah4corp" failures="0" tests="1" name="tutorialsninja.register.TestCaseRegisterFunctionality010" time="33.594" errors="0" timestamp="2025-07-08T21:44:36 IST" skipped="0">
  <testcase classname="tutorialsninja.register.TestCaseRegisterFunctionality010" name="verifyRegisteringUsingInvalidEmailPlusOffline" time="33.594"/>
</testsuite> <!-- tutorialsninja.register.TestCaseRegisterFunctionality010 -->
