<?xml version="1.0" encoding="UTF-8"?>
<!-- Generated by org.testng.reporters.JUnitReportReporter -->
<testsuite hostname="shah4corp" failures="0" tests="1" name="tutorialsninja.register.TestCaseRegisterFunctionality001" time="6.676" errors="0" timestamp="2025-07-12T12:10:53 IST" skipped="0">
  <testcase classname="tutorialsninja.register.TestCaseRegisterFunctionality001" name="verifyRegisteringWithMandatoyFields" time="6.676"/>
</testsuite> <!-- tutorialsninja.register.TestCaseRegisterFunctionality001 -->
