<?xml version="1.0" encoding="UTF-8"?>
<!-- Generated by org.testng.reporters.JUnitReportReporter -->
<testsuite hostname="shah4corp" failures="0" tests="3" name="tutorialsninja.register.TestCaseRegisterFunctionality027" time="27.509" errors="0" timestamp="2025-07-09T14:41:04 IST" skipped="0">
  <testcase classname="tutorialsninja.register.TestCaseRegisterFunctionality027" name="verifyRegisteringAccountInDifferentTestEnvironments" time="6.691"/>
  <testcase classname="tutorialsninja.register.TestCaseRegisterFunctionality027" name="verifyRegisteringAccountInDifferentTestEnvironments" time="13.805"/>
  <testcase classname="tutorialsninja.register.TestCaseRegisterFunctionality027" name="verifyRegisteringAccountInDifferentTestEnvironments" time="7.013"/>
</testsuite> <!-- tutorialsninja.register.TestCaseRegisterFunctionality027 -->
