<?xml version="1.0" encoding="UTF-8"?>
<!-- Generated by org.testng.reporters.JUnitReportReporter -->
<testsuite hostname="shah4corp" failures="0" tests="1" name="tutorialsninja.register.TestCaseRegisterFunctionality013" time="6.924" errors="0" timestamp="2025-07-09T20:49:16 IST" skipped="0">
  <testcase classname="tutorialsninja.register.TestCaseRegisterFunctionality013" name="verifyPlaceHoldersOfTextFieldsInRegisterAccountPage" time="6.924"/>
</testsuite> <!-- tutorialsninja.register.TestCaseRegisterFunctionality013 -->
