<?xml version="1.0" encoding="UTF-8"?>
<!-- Generated by org.testng.reporters.JUnitReportReporter -->
<testsuite hostname="shah4corp" failures="0" tests="1" name="tutorialsninja.register.TestCaseRegisterFunctionality022" time="4.753" errors="0" timestamp="2025-07-06T21:01:47 IST" skipped="0">
  <testcase classname="tutorialsninja.register.TestCaseRegisterFunctionality022" name="verifyVisibiltyTogglineOfPasswordsFieldsOnRegisterAccount" time="4.753"/>
</testsuite> <!-- tutorialsninja.register.TestCaseRegisterFunctionality022 -->
