<?xml version="1.0" encoding="UTF-8"?>
<!-- Generated by org.testng.reporters.JUnitReportReporter -->
<testsuite hostname="shah4corp" failures="0" tests="1" name="tutorialsninja.register.TestCaseRegisterFunctionality001" time="11.085" errors="0" timestamp="2025-07-17T22:56:44 IST" skipped="0">
  <testcase classname="tutorialsninja.register.TestCaseRegisterFunctionality001" name="verifyRegisteringWithMandatoyFields" time="11.085"/>
</testsuite> <!-- tutorialsninja.register.TestCaseRegisterFunctionality001 -->
