<?xml version="1.0" encoding="UTF-8"?>
<!-- Generated by org.testng.reporters.JUnitReportReporter -->
<testsuite hostname="shah4corp" failures="0" tests="1" name="tutorialsninja.register.TestCaseRegisterFunctionality015" time="6.433" errors="0" timestamp="2025-07-02T22:53:18 IST" skipped="0">
  <testcase classname="tutorialsninja.register.TestCaseRegisterFunctionality015" name="verifyRegisteringAccountWithOnlySpaces" time="6.433"/>
</testsuite> <!-- tutorialsninja.register.TestCaseRegisterFunctionality015 -->
