<?xml version="1.0" encoding="UTF-8"?>
<!-- Generated by org.testng.reporters.JUnitReportReporter -->
<testsuite hostname="shah4corp" failures="0" tests="1" name="tutorialsninja.register.TestCaseRegisterFunctionality027SingleBrowser" time="7.805" errors="0" timestamp="2025-07-12T12:47:47 IST" skipped="0">
  <testcase classname="tutorialsninja.register.TestCaseRegisterFunctionality027SingleBrowser" name="verifyRegisteringAccountInDifferentTestEnvironments" time="7.805"/>
</testsuite> <!-- tutorialsninja.register.TestCaseRegisterFunctionality027SingleBrowser -->
