<?xml version="1.0" encoding="UTF-8"?>
<!-- Generated by org.testng.reporters.JUnitReportReporter -->
<testsuite hostname="shah4corp" failures="0" tests="1" name="tutorialninja.practice.TestCaseRegisterFunctionality104" time="4.550" errors="0" timestamp="2025-09-24T13:24:41 IST" skipped="0">
  <testcase classname="tutorialninja.practice.TestCaseRegisterFunctionality104" name="verifyRegisteringAccountWithoutFillFields" time="4.550"/>
</testsuite> <!-- tutorialninja.practice.TestCaseRegisterFunctionality104 -->
