<?xml version="1.0" encoding="UTF-8"?>
<!-- Generated by org.testng.reporters.JUnitReportReporter -->
<testsuite hostname="shah4corp" failures="0" tests="1" name="tutorialsninja.register.TestCaseRegisterFunctionality018" time="119.853" errors="0" timestamp="2025-07-11T19:20:32 IST" skipped="0">
  <testcase classname="tutorialsninja.register.TestCaseRegisterFunctionality018" name="verifyRegisteringAccountFieldsHeightWidthAligment" time="119.853"/>
</testsuite> <!-- tutorialsninja.register.TestCaseRegisterFunctionality018 -->
