<?xml version="1.0" encoding="UTF-8"?>
<!-- Generated by org.testng.reporters.JUnitReportReporter -->
<testsuite hostname="shah4corp" failures="0" tests="1" name="tutorialsninja.register.TestCaseRegisterFunctionality020" time="5.287" errors="0" timestamp="2025-07-11T22:24:17 IST" skipped="0">
  <testcase classname="tutorialsninja.register.TestCaseRegisterFunctionality020" name="verifyPrivacyPolicyFieldOnRegisterAccountPage" time="5.287"/>
</testsuite> <!-- tutorialsninja.register.TestCaseRegisterFunctionality020 -->
