<?xml version="1.0" encoding="UTF-8"?>
<!-- Generated by org.testng.reporters.JUnitReportReporter -->
<testsuite hostname="shah4corp" failures="0" tests="1" name="tutorialsninja.register.TestCaseRegisterFunctionality025" time="3.362" errors="0" timestamp="2025-07-07T21:06:57 IST" skipped="0">
  <testcase classname="tutorialsninja.register.TestCaseRegisterFunctionality025" name="verifyBreadcrumbURLHeadingTitleOfRegisterAccountPage" time="3.362"/>
</testsuite> <!-- tutorialsninja.register.TestCaseRegisterFunctionality025 -->
