<?xml version="1.0" encoding="UTF-8"?>
<!-- Generated by org.testng.reporters.JUnitReportReporter -->
<testsuite hostname="shah4corp" failures="0" tests="1" name="tutorialsninja.register.TestCaseRegisterFunctionality010" time="6.064" errors="0" timestamp="2025-07-12T12:57:47 IST" skipped="0">
  <testcase classname="tutorialsninja.register.TestCaseRegisterFunctionality010" name="verifyRegisteringUsingInvalidEmailPlusOffline" time="6.064"/>
</testsuite> <!-- tutorialsninja.register.TestCaseRegisterFunctionality010 -->
