<?xml version="1.0" encoding="UTF-8"?>
<!-- Generated by org.testng.reporters.JUnitReportReporter -->
<testsuite hostname="shah4corp" failures="0" tests="1" name="tutorialsninja.register.TestCaseRegisterFunctionality008" time="4.557" errors="0" timestamp="2025-06-29T17:13:40 IST" skipped="0">
  <testcase classname="tutorialsninja.register.TestCaseRegisterFunctionality008" name="verifyRegisteringAccountByProvidingMismatchingPasswords" time="4.557"/>
</testsuite> <!-- tutorialsninja.register.TestCaseRegisterFunctionality008 -->
