<?xml version="1.0" encoding="UTF-8"?>
<!-- Generated by org.testng.reporters.JUnitReportReporter -->
<testsuite hostname="shah4corp" failures="0" tests="1" name="tutorialsninja.register.TestCaseRegisterFunctionality026" time="6.764" errors="0" timestamp="2025-07-08T21:39:25 IST" skipped="0">
  <testcase classname="tutorialsninja.register.TestCaseRegisterFunctionality026" name="verifyUIOfRegisterAccountPage" time="6.764"/>
</testsuite> <!-- tutorialsninja.register.TestCaseRegisterFunctionality026 -->
