<?xml version="1.0" encoding="UTF-8"?>
<!-- Generated by org.testng.reporters.JUnitReportReporter -->
<testsuite hostname="shah4corp" failures="0" tests="1" name="tutorialsninja.register.TestCaseRegisterFunctionality005" time="5.668" errors="0" timestamp="2025-06-29T16:54:52 IST" skipped="0">
  <testcase classname="tutorialsninja.register.TestCaseRegisterFunctionality005" name="verifyRegisteringAccountBySubscribingToNewsletter" time="5.668"/>
</testsuite> <!-- tutorialsninja.register.TestCaseRegisterFunctionality005 -->
