<?xml version="1.0" encoding="UTF-8"?>
<!-- Generated by org.testng.reporters.JUnitReportReporter -->
<testsuite hostname="shah4corp" failures="0" tests="1" name="tutorialsninja.register.TestCaseRegisterFunctionality004" time="4.905" errors="0" timestamp="2025-06-29T16:52:52 IST" skipped="0">
  <testcase classname="tutorialsninja.register.TestCaseRegisterFunctionality004" name="verifyRegistringAccountWithoutFillFields" time="4.905"/>
</testsuite> <!-- tutorialsninja.register.TestCaseRegisterFunctionality004 -->
