<?xml version="1.0" encoding="UTF-8"?>
<!-- Generated by org.testng.reporters.JUnitReportReporter -->
<testsuite hostname="shah4corp" failures="0" tests="3" name="tutorialsninja.register.TestCaseRegisterFunctionality027" time="22.042" errors="0" timestamp="2025-07-12T12:47:47 IST" skipped="0">
  <testcase classname="tutorialsninja.register.TestCaseRegisterFunctionality027" name="verifyRegisteringAccountInDifferentTestEnvironments" time="9.659"/>
  <testcase classname="tutorialsninja.register.TestCaseRegisterFunctionality027" name="verifyRegisteringAccountInDifferentTestEnvironments" time="7.713"/>
  <testcase classname="tutorialsninja.register.TestCaseRegisterFunctionality027" name="verifyRegisteringAccountInDifferentTestEnvironments" time="4.670"/>
</testsuite> <!-- tutorialsninja.register.TestCaseRegisterFunctionality027 -->
