<?xml version="1.0" encoding="UTF-8"?>
<!-- Generated by org.testng.reporters.JUnitReportReporter -->
<testsuite hostname="shah4corp" failures="0" tests="1" name="tutorialsninja.register.TestCaseRegisterFunctionality012" time="29.781" errors="0" timestamp="2025-07-01T18:03:38 IST" skipped="0">
  <testcase classname="tutorialsninja.register.TestCaseRegisterFunctionality012" name="verifyRegisteringAccountUsingKeyboardKeys" time="29.781"/>
</testsuite> <!-- tutorialsninja.register.TestCaseRegisterFunctionality012 -->
