<?xml version="1.0" encoding="UTF-8"?>
<!-- Generated by org.testng.reporters.JUnitReportReporter -->
<testsuite hostname="shah4corp" failures="0" tests="3" name="tutorialsninja.register.TestCaseRegisterFunctionality027" time="40.089" errors="0" timestamp="2025-07-08T21:55:52 IST" skipped="0">
  <testcase classname="tutorialsninja.register.TestCaseRegisterFunctionality027" name="verifyRegisteringAccountInDifferentTestEnvironments" time="14.529"/>
  <testcase classname="tutorialsninja.register.TestCaseRegisterFunctionality027" name="verifyRegisteringAccountInDifferentTestEnvironments" time="14.349"/>
  <testcase classname="tutorialsninja.register.TestCaseRegisterFunctionality027" name="verifyRegisteringAccountInDifferentTestEnvironments" time="11.211"/>
</testsuite> <!-- tutorialsninja.register.TestCaseRegisterFunctionality027 -->
