<?xml version="1.0" encoding="UTF-8"?>
<!-- Generated by org.testng.reporters.JUnitReportReporter -->
<testsuite hostname="shah4corp" failures="0" tests="1" name="tutorialsninja.register.TestCaseRegisterFunctionality010" time="34.804" errors="0" timestamp="2025-07-01T11:50:47 IST" skipped="0">
  <testcase classname="tutorialsninja.register.TestCaseRegisterFunctionality010" name="verifyRegisteringUsingInvalidEmailPlusOffline" time="34.804"/>
</testsuite> <!-- tutorialsninja.register.TestCaseRegisterFunctionality010 -->
