<?xml version="1.0" encoding="UTF-8"?>
<!-- Generated by org.testng.reporters.JUnitReportReporter -->
<testsuite hostname="shah4corp" failures="0" tests="3" name="tutorialsninja.register.TestCaseRegisterFunctionality027" time="13.398" errors="0" timestamp="2025-07-11T22:29:52 IST" skipped="0">
  <testcase classname="tutorialsninja.register.TestCaseRegisterFunctionality027" name="verifyRegisteringAccountInDifferentTestEnvironments" time="4.857"/>
  <testcase classname="tutorialsninja.register.TestCaseRegisterFunctionality027" name="verifyRegisteringAccountInDifferentTestEnvironments" time="4.236"/>
  <testcase classname="tutorialsninja.register.TestCaseRegisterFunctionality027" name="verifyRegisteringAccountInDifferentTestEnvironments" time="4.305"/>
</testsuite> <!-- tutorialsninja.register.TestCaseRegisterFunctionality027 -->
