<?xml version="1.0" encoding="UTF-8"?>
<!-- Generated by org.testng.reporters.JUnitReportReporter -->
<testsuite hostname="shah4corp" failures="0" tests="1" name="tutorialsninja.register.TestCaseRegisterFunctionality020" time="5.782" errors="0" timestamp="2025-07-06T20:56:56 IST" skipped="0">
  <testcase classname="tutorialsninja.register.TestCaseRegisterFunctionality020" name="verifyPrivacyPolicyFieldOnRegisterAccountPage" time="5.782"/>
</testsuite> <!-- tutorialsninja.register.TestCaseRegisterFunctionality020 -->
