<?xml version="1.0" encoding="UTF-8"?>
<!-- Generated by org.testng.reporters.JUnitReportReporter -->
<testsuite hostname="shah4corp" failures="0" tests="1" name="tutorialsninja.register.TestCaseRegisterFunctionality002" time="7.388" errors="0" timestamp="2025-06-29T11:50:12 IST" skipped="0">
  <testcase classname="tutorialsninja.register.TestCaseRegisterFunctionality002" name="verifyRegisteringWithAllFields" time="7.388"/>
</testsuite> <!-- tutorialsninja.register.TestCaseRegisterFunctionality002 -->
