<?xml version="1.0" encoding="UTF-8"?>
<!-- Generated by org.testng.reporters.JUnitReportReporter -->
<testsuite hostname="shah4corp" failures="0" tests="1" name="tutorialsninja.register.TestCaseRegisterFunctionality024" time="5.215" errors="0" timestamp="2025-07-07T21:05:45 IST" skipped="0">
  <testcase classname="tutorialsninja.register.TestCaseRegisterFunctionality024" name="verifyRegisteringAccountWithoutEnteringPasswordIntoPasswordConfirmField" time="5.215"/>
</testsuite> <!-- tutorialsninja.register.TestCaseRegisterFunctionality024 -->
