<?xml version="1.0" encoding="UTF-8"?>
<!-- Generated by org.testng.reporters.JUnitReportReporter -->
<testsuite hostname="shah4corp" failures="0" tests="1" name="tutorialsninja.register.TestCaseRegisterFunctionality012" time="23.606" errors="0" timestamp="2025-07-13T21:25:50 IST" skipped="0">
  <testcase classname="tutorialsninja.register.TestCaseRegisterFunctionality012" name="verifyRegisteringAccountUsingKeyboardKeys" time="23.606"/>
</testsuite> <!-- tutorialsninja.register.TestCaseRegisterFunctionality012 -->
