<?xml version="1.0" encoding="UTF-8"?>
<!-- Generated by org.testng.reporters.JUnitReportReporter -->
<testsuite hostname="shah4corp" failures="0" tests="1" name="tutorialsninja.register.TestCaseRegisterFunctionality001" time="22.009" errors="0" timestamp="2025-07-14T23:30:45 IST" skipped="0">
  <testcase classname="tutorialsninja.register.TestCaseRegisterFunctionality001" name="verifyRegisteringWithMandatoyFields" time="22.009"/>
</testsuite> <!-- tutorialsninja.register.TestCaseRegisterFunctionality001 -->
