<?xml version="1.0" encoding="UTF-8"?>
<!-- Generated by org.testng.reporters.JUnitReportReporter -->
<testsuite hostname="shah4corp" failures="0" tests="1" name="tutorialsninja.register.TestCaseRegisterFunctionality022" time="9.007" errors="0" timestamp="2025-07-11T22:25:24 IST" skipped="0">
  <testcase classname="tutorialsninja.register.TestCaseRegisterFunctionality022" name="verifyVisibiltyTogglineOfPasswordsFieldsOnRegisterAccount" time="9.007"/>
</testsuite> <!-- tutorialsninja.register.TestCaseRegisterFunctionality022 -->
