<?xml version="1.0" encoding="UTF-8"?>
<!-- Generated by org.testng.reporters.JUnitReportReporter -->
<testsuite hostname="shah4corp" failures="0" tests="1" name="tutorialsninja.register.TestCaseRegisterFunctionality024" time="14.778" errors="0" timestamp="2025-07-12T12:47:47 IST" skipped="0">
  <testcase classname="tutorialsninja.register.TestCaseRegisterFunctionality024" name="verifyRegisteringAccountWithoutEnteringPasswordIntoPasswordConfirmField" time="14.778"/>
</testsuite> <!-- tutorialsninja.register.TestCaseRegisterFunctionality024 -->
