<?xml version="1.0" encoding="UTF-8"?>
<!-- Generated by org.testng.reporters.JUnitReportReporter -->
<testsuite hostname="shah4corp" failures="0" tests="1" name="tutorialsninja.register.TestCaseRegisterFunctionality001" time="6.649" errors="0" timestamp="2025-06-29T15:29:43 IST" skipped="0">
  <testcase classname="tutorialsninja.register.TestCaseRegisterFunctionality001" name="verifyRegisteringWithMandatoyFields" time="6.649"/>
</testsuite> <!-- tutorialsninja.register.TestCaseRegisterFunctionality001 -->
