<?xml version="1.0" encoding="UTF-8"?>
<!-- Generated by org.testng.reporters.JUnitReportReporter -->
<testsuite hostname="shah4corp" failures="0" tests="1" name="tutorialsninja.register.TestCaseRegisterFunctionality018" time="100.083" errors="0" timestamp="2025-07-05T22:29:41 IST" skipped="0">
  <testcase classname="tutorialsninja.register.TestCaseRegisterFunctionality018" name="verifyRegisteringAccountFieldsHeightWidthAligment" time="100.083"/>
</testsuite> <!-- tutorialsninja.register.TestCaseRegisterFunctionality018 -->
